Arguments: 
  /usr/local/bin/node /usr/local/Cellar/yarn/1.3.2/libexec/bin/yarn.js install

PATH: 
  /Library/Frameworks/Python.framework/Versions/3.6/bin:/Users/kretawiweka/Library/Android/sdk/platform-tools:/Users/kretawiweka/Library/Android/sdk/tools:/usr/local/opt/php/bin:/usr/local/bin:/usr/bin:/bin:/usr/sbin:/sbin

Yarn version: 
  1.3.2

Node version: 
  8.9.0

Platform: 
  darwin x64

npm manifest: 
  {
    "name": "wikipedia-vue",
    "version": "1.0.0",
    "description": "Nuxt.js project",
    "author": "kritoka",
    "private": true,
    "scripts": {
      "dev": "nuxt",
      "build": "nuxt build",
      "start": "nuxt start",
      "generate": "nuxt generate",
      "lint": "eslint --ext .js,.vue --ignore-path .gitignore .",
      "precommit": "npm run lint"
    },
    "dependencies": {
      "nuxt": "^1.0.0"
    },
    "devDependencies": {
      "babel-eslint": "^8.2.1",
      "eslint": "^4.15.0",
      "eslint-friendly-formatter": "^3.0.0",
      "eslint-loader": "^1.7.1",
      "eslint-plugin-vue": "^4.0.0"
    }
  }

yarn manifest: 
  No manifest

Lockfile: 
  No lockfile

Trace: 
  Error: https://registry.yarnpkg.com/prettier/-/prettier-1.13.4.tgz: ETIMEDOUT
      at Timeout._onTimeout (/usr/local/Cellar/yarn/1.3.2/libexec/lib/cli.js:123749:19)
      at ontimeout (timers.js:475:11)
      at tryOnTimeout (timers.js:310:5)
      at Timer.listOnTimeout (timers.js:270:5)
